<?xml version="1.0" encoding="UTF-8"?>
<robot generator="Robot 3.0 (Jython 2.7.0 on java1.8.0_221)" generated="20191112 21:25:51.249">
<suite source="C:\JavaProject_1\addressbook-web-tests\src\test\resources\rf" name="Rf" id="s1">
<suite source="C:\JavaProject_1\addressbook-web-tests\src\test\resources\rf\groups.robot" name="Groups" id="s1-s1">
<kw type="setup" library="ru.stqa.pft.addressbook.rf.AddressbookKeywords" name="Init Application Manager">
<msg level="INFO" timestamp="20191112 21:25:59.942">1573583154139	mozrunner::runner	INFO	Running command: "C:\\Program Files\\Mozilla Firefox\\firefox.exe" "-marionette" "-foreground" "-no-remote" "-profile" "C:\\Users\\UEFIPC\\AppData\\Local\\Temp\\rust_mozprofileKVnTO7"
1573583155649	addons.webextension.screenshots@mozilla.org	WARN	Loading extension 'screenshots@mozilla.org': Reading manifest: Invalid extension permission: mozillaAddons
1573583155649	addons.webextension.screenshots@mozilla.org	WARN	Loading extension 'screenshots@mozilla.org': Reading manifest: Invalid extension permission: telemetry
1573583155649	addons.webextension.screenshots@mozilla.org	WARN	Loading extension 'screenshots@mozilla.org': Reading manifest: Invalid extension permission: resource://pdf.js/
1573583155650	addons.webextension.screenshots@mozilla.org	WARN	Loading extension 'screenshots@mozilla.org': Reading manifest: Invalid extension permission: about:reader*
JavaScript error: resource://gre/modules/XULStore.jsm, line 66: Error: Can't find profile directory.
1573583158716	Marionette	INFO	Listening on port 49616
1573583159050	Marionette	WARN	TLS certificate errors will be ignored for this session
��� 12, 2019 9:25:59 PM org.openqa.selenium.remote.ProtocolHandshake createSession
INFO: Detected dialect: W3C</msg>
<status endtime="20191112 21:25:59.944" starttime="20191112 21:25:51.503" status="PASS"></status>
</kw>
<test name="Can Create Group With Valid Data" id="s1-s1-t1">
<kw library="ru.stqa.pft.addressbook.rf.AddressbookKeywords" name="Get Group Count">
<assign>
<var>${old_count}</var>
</assign>
<msg level="INFO" timestamp="20191112 21:26:00.106">${old_count} = 0</msg>
<status endtime="20191112 21:26:00.108" starttime="20191112 21:25:59.957" status="PASS"></status>
</kw>
<kw library="ru.stqa.pft.addressbook.rf.AddressbookKeywords" name="Create Group">
<arguments>
<arg>test name</arg>
<arg>test header</arg>
<arg>test footer</arg>
</arguments>
<status endtime="20191112 21:26:01.363" starttime="20191112 21:26:00.109" status="PASS"></status>
</kw>
<kw library="ru.stqa.pft.addressbook.rf.AddressbookKeywords" name="Get Group Count">
<assign>
<var>${new_count}</var>
</assign>
<msg level="INFO" timestamp="20191112 21:26:01.488">${new_count} = 1</msg>
<status endtime="20191112 21:26:01.489" starttime="20191112 21:26:01.365" status="PASS"></status>
</kw>
<kw library="BuiltIn" name="Evaluate">
<doc>Evaluates the given expression in Python and returns the results.</doc>
<arguments>
<arg>${old_count} + 1</arg>
</arguments>
<assign>
<var>${expected_count}</var>
</assign>
<msg level="INFO" timestamp="20191112 21:26:01.505">${expected_count} = 1</msg>
<status endtime="20191112 21:26:01.506" starttime="20191112 21:26:01.490" status="PASS"></status>
</kw>
<kw library="BuiltIn" name="Should Be Equal As Integers">
<doc>Fails if objects are unequal after converting them to integers.</doc>
<arguments>
<arg>${new_count}</arg>
<arg>${expected_count}</arg>
</arguments>
<status endtime="20191112 21:26:01.509" starttime="20191112 21:26:01.507" status="PASS"></status>
</kw>
<status critical="yes" endtime="20191112 21:26:01.510" starttime="20191112 21:25:59.952" status="PASS"></status>
</test>
<kw type="teardown" library="ru.stqa.pft.addressbook.rf.AddressbookKeywords" name="Stop Application Manager">
<status endtime="20191112 21:26:02.759" starttime="20191112 21:26:01.519" status="PASS"></status>
</kw>
<status endtime="20191112 21:26:02.760" starttime="20191112 21:25:51.477" status="PASS"></status>
</suite>
<status endtime="20191112 21:26:02.767" starttime="20191112 21:25:51.263" status="PASS"></status>
</suite>
<statistics>
<total>
<stat pass="1" fail="0">Critical Tests</stat>
<stat pass="1" fail="0">All Tests</stat>
</total>
<tag>
</tag>
<suite>
<stat pass="1" fail="0" name="Rf" id="s1">Rf</stat>
<stat pass="1" fail="0" name="Groups" id="s1-s1">Rf.Groups</stat>
</suite>
</statistics>
<errors>
</errors>
</robot>
